<?xml version="1.0" encoding="UTF-8"?>
<!-- Generated by org.testng.reporters.JUnitReportReporter -->
<testsuite hostname="DESKTOP-L8VPHJS" failures="0" tests="2" name="testScripts.PlaceOrderTest" time="0.590" errors="0" timestamp="2023-11-30T19:48:23 IST" skipped="0">
  <testcase classname="testScripts.PlaceOrderTest" name="addItem" time="0.199"/>
  <system-out/>
  <testcase classname="testScripts.PlaceOrderTest" name="checkoutItems" time="0.391"/>
  <system-out/>
</testsuite> <!-- testScripts.PlaceOrderTest -->
